<?xml version="1.0" encoding="UTF-8"?>
<!-- Generated by org.testng.reporters.JUnitReportReporter -->
<testsuite hostname="Lenovo-PC" name="com.qa.test.POSTTestAPI" tests="1" failures="0" timestamp="6 Aug 2020 19:26:15 GMT" time="3.857" errors="0">
  <testcase name="postTest" time="3.857" classname="com.qa.test.POSTTestAPI"/>
</testsuite> <!-- com.qa.test.POSTTestAPI -->
