<?xml version="1.0" encoding="UTF-8"?>
<!-- Generated by org.testng.reporters.JUnitReportReporter -->
<testsuite hostname="Lenovo-PC" name="com.qa.test.TestAPI" tests="2" failures="0" timestamp="5 Aug 2020 16:31:59 GMT" time="3.273" errors="0">
  <testcase name="get_Test" time="0.620" classname="com.qa.test.TestAPI"/>
  <testcase name="getTest" time="2.653" classname="com.qa.test.TestAPI"/>
</testsuite> <!-- com.qa.test.TestAPI -->
